01:26:35.815 [main] INFO  com.mindtree.stepdefinitions.Pins - navigates to the site
01:26:41.081 [main] INFO  com.mindtree.stepdefinitions.Pins - clicked on lapel pins and brooches 
01:26:44.665 [main] INFO  com.mindtree.stepdefinitions.Pins - clicked on Harry Potter Characters Metallic Pins
01:26:47.535 [main] INFO  com.mindtree.stepdefinitions.Pins - added harry pin to cart
01:26:53.730 [main] INFO  com.mindtree.stepdefinitions.Pins - added minions pin to cart
01:26:57.469 [main] INFO  com.mindtree.stepdefinitions.Rakhi - ----------Test Case 8----------
01:26:57.469 [main] INFO  com.mindtree.stepdefinitions.Rakhi - opening the browser
01:27:08.907 [main] INFO  com.mindtree.stepdefinitions.Rakhi - navigates to the site
01:27:14.148 [main] INFO  com.mindtree.stepdefinitions.Rakhi - clicked on rakhi link 
01:27:17.771 [main] INFO  com.mindtree.stepdefinitions.Rakhi - clicked on Bhaiya Ciao Rakhi
01:27:24.719 [main] INFO  com.mindtree.stepdefinitions.Review - ----------Test Case 9----------
01:27:24.719 [main] INFO  com.mindtree.stepdefinitions.Review - opening the browser
01:27:40.323 [main] INFO  com.mindtree.stepdefinitions.Review - navigated to the site
01:27:44.360 [main] INFO  com.mindtree.stepdefinitions.Review - clicked on home decor category
01:27:49.219 [main] INFO  com.mindtree.stepdefinitions.Review - clicked on bonsai led lights
01:27:51.013 [main] INFO  com.mindtree.stepdefinitions.Review - review of the product is written
01:27:54.237 [main] INFO  com.mindtree.stepdefinitions.Search - ----------Test Case 10----------
01:27:54.237 [main] INFO  com.mindtree.stepdefinitions.Search - opening the browser
01:28:01.366 [main] INFO  com.mindtree.stepdefinitions.Search - navigated to the site
01:28:01.988 [main] INFO  com.mindtree.stepdefinitions.Search - clicked on search box and entered bts
01:28:08.510 [main] INFO  com.mindtree.stepdefinitions.Search - clicked on bts
01:28:09.265 [main] INFO  com.mindtree.stepdefinitions.Search - clicked on pink base
01:28:09.425 [main] INFO  com.mindtree.stepdefinitions.Search - enter postal code
01:28:10.926 [main] INFO  com.mindtree.stepdefinitions.Search - Cash on Delivery is available.
10:24:50.141 [main] INFO  com.mindtree.stepdefinitions.BirthdayGifts - ----------Test Case 1----------
10:24:50.172 [main] INFO  com.mindtree.stepdefinitions.BirthdayGifts - opening the browser
10:24:56.636 [main] INFO  com.mindtree.stepdefinitions.BirthdayGifts - navigated to the site
10:25:06.595 [main] INFO  com.mindtree.stepdefinitions.BirthdayGifts - clicked on birthday gifts for kids option
10:25:35.182 [main] INFO  com.mindtree.stepdefinitions.BirthdayGifts - clicked on the harry potter
10:25:35.994 [main] INFO  com.mindtree.stepdefinitions.BirthdayGifts - adding to cart
10:25:37.962 [main] INFO  com.mindtree.stepdefinitions.BirthdayGifts - adding a gift note
10:25:44.123 [main] INFO  com.mindtree.stepdefinitions.CorporateGift - ----------Test Case 2----------
10:25:44.123 [main] INFO  com.mindtree.stepdefinitions.CorporateGift - opening the browser
10:25:54.534 [main] INFO  com.mindtree.stepdefinitions.CorporateGift - navigated to the site
10:25:58.534 [main] INFO  com.mindtree.stepdefinitions.CorporateGift - clicked on corporate gifts
10:26:02.717 [main] INFO  com.mindtree.stepdefinitions.CorporateGift - clicked on astro stationery and phone holder
10:26:03.637 [main] INFO  com.mindtree.stepdefinitions.CorporateGift - First review of the product:Sent as a gift. They loved it!
10:26:03.688 [main] INFO  com.mindtree.stepdefinitions.CorporateGift - Add To Wishlist
10:26:03.919 [main] INFO  com.mindtree.stepdefinitions.CorporateGift - added product to wishlist
10:26:07.038 [main] INFO  com.mindtree.stepdefinitions.Giftcard - ----------Test Case 3----------
10:26:07.039 [main] INFO  com.mindtree.stepdefinitions.Giftcard - opening the browser
10:26:15.371 [main] INFO  com.mindtree.stepdefinitions.Giftcard - navigates to the site
10:26:18.430 [main] INFO  com.mindtree.stepdefinitions.Giftcard - clicked on gift card icon
10:26:20.844 [main] INFO  com.mindtree.stepdefinitions.Giftcard - The gift card sent is worth:Rs. 40,000
10:26:26.962 [main] INFO  com.mindtree.stepdefinitions.Jewellery - ----------Test Case 4----------
10:26:26.962 [main] INFO  com.mindtree.stepdefinitions.Jewellery - opening the browser
10:26:42.782 [main] INFO  com.mindtree.stepdefinitions.Jewellery - navigated to the site
10:26:47.461 [main] INFO  com.mindtree.stepdefinitions.Jewellery - clicked on jewellery category
10:26:48.191 [main] INFO  com.mindtree.stepdefinitions.Jewellery - There are 7 products in this page which are sold out
10:26:48.215 [main] INFO  com.mindtree.stepdefinitions.Jewellery - Mirissa Blue Topaz Gemstone Bracelet
10:26:48.247 [main] INFO  com.mindtree.stepdefinitions.Jewellery - Aster Blue Topaz Earrings
10:26:48.277 [main] INFO  com.mindtree.stepdefinitions.Jewellery - Araliya Semi-Precious Earring Studs
10:26:48.307 [main] INFO  com.mindtree.stepdefinitions.Jewellery - Mermaid Jewellery Holder 3D Plate
10:26:48.344 [main] INFO  com.mindtree.stepdefinitions.Jewellery - Harry Potter 9 ¾ Bracelet
10:26:48.371 [main] INFO  com.mindtree.stepdefinitions.Jewellery - Vera Amethyst Pendant With Chain
10:26:48.404 [main] INFO  com.mindtree.stepdefinitions.Jewellery - Watermelon Gold Plated Earrings
10:26:48.404 [main] INFO  com.mindtree.stepdefinitions.Jewellery - There are 13 exclusive products in this page
10:26:48.432 [main] INFO  com.mindtree.stepdefinitions.Jewellery - Aliya Semi-Precious Pendant With Silver Chain
10:26:48.494 [main] INFO  com.mindtree.stepdefinitions.Jewellery - Heart Semi-Precious Pendant With Silver Chain
10:26:48.529 [main] INFO  com.mindtree.stepdefinitions.Jewellery - Aurora Semi-Precious Stud Earrings
10:26:48.561 [main] INFO  com.mindtree.stepdefinitions.Jewellery - Moonstone Earring Studs
10:26:48.585 [main] INFO  com.mindtree.stepdefinitions.Jewellery - Mirissa Blue Topaz Gemstone Bracelet
10:26:48.626 [main] INFO  com.mindtree.stepdefinitions.Jewellery - Kapruka Semi Precious Earrings
10:26:48.655 [main] INFO  com.mindtree.stepdefinitions.Jewellery - Chenju Semi-Precious Earrings
10:26:48.687 [main] INFO  com.mindtree.stepdefinitions.Jewellery - Luna Semi-Precious Stud Earrings
10:26:48.715 [main] INFO  com.mindtree.stepdefinitions.Jewellery - Mirissa Blue Semi-Precious Stud Earrings
10:26:48.748 [main] INFO  com.mindtree.stepdefinitions.Jewellery - Moana Gemstone Pendant with With Silver Chain
10:26:48.781 [main] INFO  com.mindtree.stepdefinitions.Jewellery - Enchanted Gemstone Pendant With Silver Chain
10:26:48.811 [main] INFO  com.mindtree.stepdefinitions.Jewellery - Starfish Aquamarine Semi-Precious Pendant With Silver Chain
10:26:48.834 [main] INFO  com.mindtree.stepdefinitions.Jewellery - Araliya Semi-Precious Earring Studs
10:26:52.279 [main] INFO  com.mindtree.stepdefinitions.London - ----------Test Case 5----------
10:26:52.279 [main] INFO  com.mindtree.stepdefinitions.London - opening the browser
10:26:59.597 [main] INFO  com.mindtree.stepdefinitions.London - navigated to the site
10:27:02.623 [main] INFO  com.mindtree.stepdefinitions.London - clicked on luckies of london
10:27:03.315 [main] INFO  com.mindtree.stepdefinitions.London - Chalkboard Map DIY
10:27:05.483 [main] INFO  com.mindtree.stepdefinitions.London - clicked on chalkboard map diy
10:27:06.100 [main] INFO  com.mindtree.stepdefinitions.London - Rs. 2,200
10:27:06.111 [main] INFO  com.mindtree.stepdefinitions.London - Rs. 1,799
10:27:06.123 [main] INFO  com.mindtree.stepdefinitions.London - Rs. 401
10:27:08.686 [main] INFO  com.mindtree.stepdefinitions.NewProduct - ----------Test Case 6----------
10:27:08.686 [main] INFO  com.mindtree.stepdefinitions.NewProduct - opening the browser
10:27:17.774 [main] INFO  com.mindtree.stepdefinitions.NewProduct - navigates to the site
10:27:22.434 [main] INFO  com.mindtree.stepdefinitions.NewProduct - clicked on whats new
10:27:27.903 [main] INFO  com.mindtree.stepdefinitions.NewProduct - clicked on Star and Moon Curtain LED Lights
10:27:28.656 [main] INFO  com.mindtree.stepdefinitions.NewProduct - The price of the productRs. 1,099
10:27:28.744 [main] INFO  com.mindtree.stepdefinitions.NewProduct - Adding to cart
10:27:29.992 [main] INFO  com.mindtree.stepdefinitions.NewProduct - packing in a gift wrap
10:27:30.143 [main] INFO  com.mindtree.stepdefinitions.NewProduct - checking out
10:27:38.411 [main] INFO  com.mindtree.stepdefinitions.NewProduct - added email
10:27:38.529 [main] INFO  com.mindtree.stepdefinitions.NewProduct - added first name
10:27:38.643 [main] INFO  com.mindtree.stepdefinitions.NewProduct - added last name
10:27:38.781 [main] INFO  com.mindtree.stepdefinitions.NewProduct - added address
10:27:38.958 [main] INFO  com.mindtree.stepdefinitions.NewProduct - added landmark
10:27:39.112 [main] INFO  com.mindtree.stepdefinitions.NewProduct - added city
10:27:39.613 [main] INFO  com.mindtree.stepdefinitions.NewProduct - added state
10:27:39.697 [main] INFO  com.mindtree.stepdefinitions.NewProduct - added pin code
10:27:39.819 [main] INFO  com.mindtree.stepdefinitions.NewProduct - added contact
10:27:43.810 [main] INFO  com.mindtree.stepdefinitions.NewProduct - clicked on continue shipping
10:27:47.460 [main] INFO  com.mindtree.stepdefinitions.Pins - ----------Test Case 7----------
10:27:47.461 [main] INFO  com.mindtree.stepdefinitions.Pins - opening the browser
10:27:55.200 [main] INFO  com.mindtree.stepdefinitions.Pins - navigates to the site
10:27:58.702 [main] INFO  com.mindtree.stepdefinitions.Pins - clicked on lapel pins and brooches 
10:28:01.978 [main] INFO  com.mindtree.stepdefinitions.Pins - clicked on Harry Potter Characters Metallic Pins
10:28:04.288 [main] INFO  com.mindtree.stepdefinitions.Pins - added harry pin to cart
10:28:11.040 [main] INFO  com.mindtree.stepdefinitions.Pins - added minions pin to cart
10:28:14.230 [main] INFO  com.mindtree.stepdefinitions.Rakhi - ----------Test Case 8----------
10:28:14.231 [main] INFO  com.mindtree.stepdefinitions.Rakhi - opening the browser
10:28:25.010 [main] INFO  com.mindtree.stepdefinitions.Rakhi - navigates to the site
10:28:30.747 [main] INFO  com.mindtree.stepdefinitions.Rakhi - clicked on rakhi link 
10:28:34.505 [main] INFO  com.mindtree.stepdefinitions.Rakhi - clicked on Bhaiya Ciao Rakhi
10:28:39.881 [main] INFO  com.mindtree.stepdefinitions.Review - ----------Test Case 9----------
10:28:39.881 [main] INFO  com.mindtree.stepdefinitions.Review - opening the browser
10:28:50.195 [main] INFO  com.mindtree.stepdefinitions.Review - navigated to the site
10:28:53.642 [main] INFO  com.mindtree.stepdefinitions.Review - clicked on home decor category
10:29:01.059 [main] INFO  com.mindtree.stepdefinitions.Review - clicked on bonsai led lights
10:29:02.402 [main] INFO  com.mindtree.stepdefinitions.Review - review of the product is written
10:29:07.058 [main] INFO  com.mindtree.stepdefinitions.Search - ----------Test Case 10----------
10:29:07.058 [main] INFO  com.mindtree.stepdefinitions.Search - opening the browser
10:29:18.405 [main] INFO  com.mindtree.stepdefinitions.Search - navigated to the site
10:29:18.558 [main] INFO  com.mindtree.stepdefinitions.Search - clicked on search box and entered bts
10:29:24.582 [main] INFO  com.mindtree.stepdefinitions.Search - clicked on bts
10:29:25.096 [main] INFO  com.mindtree.stepdefinitions.Search - clicked on pink base
10:29:25.259 [main] INFO  com.mindtree.stepdefinitions.Search - enter postal code
10:29:26.489 [main] INFO  com.mindtree.stepdefinitions.Search - Cash on Delivery is available.
16:28:46.010 [main] INFO  com.mindtree.stepdefinitions.BirthdayGifts - ----------Test Case 1----------
16:28:46.049 [main] INFO  com.mindtree.stepdefinitions.BirthdayGifts - opening the browser
16:28:52.990 [main] INFO  com.mindtree.stepdefinitions.BirthdayGifts - navigated to the site
16:28:55.808 [main] INFO  com.mindtree.stepdefinitions.BirthdayGifts - clicked on birthday gifts for kids option
16:29:01.958 [main] INFO  com.mindtree.stepdefinitions.BirthdayGifts - clicked on the harry potter
16:29:02.507 [main] INFO  com.mindtree.stepdefinitions.BirthdayGifts - adding to cart
16:29:04.190 [main] INFO  com.mindtree.stepdefinitions.BirthdayGifts - adding a gift note
16:29:07.141 [main] INFO  com.mindtree.stepdefinitions.CorporateGift - ----------Test Case 2----------
16:29:07.141 [main] INFO  com.mindtree.stepdefinitions.CorporateGift - opening the browser
16:29:13.771 [main] INFO  com.mindtree.stepdefinitions.CorporateGift - navigated to the site
16:29:15.870 [main] INFO  com.mindtree.stepdefinitions.CorporateGift - clicked on corporate gifts
16:29:18.298 [main] INFO  com.mindtree.stepdefinitions.CorporateGift - clicked on astro stationery and phone holder
16:29:19.037 [main] INFO  com.mindtree.stepdefinitions.CorporateGift - First review of the product:Sent as a gift. They loved it!
16:29:19.064 [main] INFO  com.mindtree.stepdefinitions.CorporateGift - Add To Wishlist
16:29:22.788 [main] INFO  com.mindtree.stepdefinitions.London - ----------Test Case 3----------
16:29:22.789 [main] INFO  com.mindtree.stepdefinitions.London - opening the browser
16:29:30.974 [main] INFO  com.mindtree.stepdefinitions.London - navigated to the site
16:29:34.880 [main] INFO  com.mindtree.stepdefinitions.London - clicked on create account
16:29:35.878 [main] INFO  com.mindtree.stepdefinitions.London - entered firstname,lastname,email and password
16:29:35.975 [main] INFO  com.mindtree.stepdefinitions.London - clicked on create button
16:29:40.416 [main] INFO  com.mindtree.stepdefinitions.London - logged in
16:29:42.562 [main] INFO  com.mindtree.stepdefinitions.London - clicked on my account
16:29:45.132 [main] INFO  com.mindtree.stepdefinitions.London - logged out
16:29:47.082 [main] INFO  com.mindtree.stepdefinitions.Giftcard - ----------Test Case 3----------
16:29:47.082 [main] INFO  com.mindtree.stepdefinitions.Giftcard - opening the browser
16:29:53.314 [main] INFO  com.mindtree.stepdefinitions.Giftcard - navigates to the site
16:29:55.961 [main] INFO  com.mindtree.stepdefinitions.Giftcard - clicked on gift card icon
16:29:59.021 [main] INFO  com.mindtree.stepdefinitions.Giftcard - The gift card sent is worth:Rs. 40,000
16:30:01.925 [main] INFO  com.mindtree.stepdefinitions.Jewellery - ----------Test Case 4----------
16:30:01.925 [main] INFO  com.mindtree.stepdefinitions.Jewellery - opening the browser
16:30:09.621 [main] INFO  com.mindtree.stepdefinitions.Jewellery - navigated to the site
16:30:12.744 [main] INFO  com.mindtree.stepdefinitions.Jewellery - clicked on jewellery category
16:30:13.348 [main] INFO  com.mindtree.stepdefinitions.Jewellery - There are 8 products in this page which are sold out
16:30:13.376 [main] INFO  com.mindtree.stepdefinitions.Jewellery - Mirissa Blue Topaz Gemstone Bracelet
16:30:13.400 [main] INFO  com.mindtree.stepdefinitions.Jewellery - Aster Blue Topaz Earrings
16:30:13.480 [main] INFO  com.mindtree.stepdefinitions.Jewellery - Araliya Semi-Precious Earring Studs
16:30:13.531 [main] INFO  com.mindtree.stepdefinitions.Jewellery - Mermaid Jewellery Holder 3D Plate
16:30:13.592 [main] INFO  com.mindtree.stepdefinitions.Jewellery - Harry Potter 9 ¾ Bracelet
16:30:13.637 [main] INFO  com.mindtree.stepdefinitions.Jewellery - Vera Amethyst Pendant With Chain
16:30:13.683 [main] INFO  com.mindtree.stepdefinitions.Jewellery - Girl Boss Bracelet
16:30:13.724 [main] INFO  com.mindtree.stepdefinitions.Jewellery - Watermelon Gold Plated Earrings
16:30:13.725 [main] INFO  com.mindtree.stepdefinitions.Jewellery - There are 13 exclusive products in this page
16:30:13.760 [main] INFO  com.mindtree.stepdefinitions.Jewellery - Aliya Semi-Precious Pendant With Silver Chain
16:30:13.799 [main] INFO  com.mindtree.stepdefinitions.Jewellery - Heart Semi-Precious Pendant With Silver Chain
16:30:13.829 [main] INFO  com.mindtree.stepdefinitions.Jewellery - Aurora Semi-Precious Stud Earrings
16:30:13.860 [main] INFO  com.mindtree.stepdefinitions.Jewellery - Moonstone Earring Studs
16:30:13.886 [main] INFO  com.mindtree.stepdefinitions.Jewellery - Mirissa Blue Topaz Gemstone Bracelet
16:30:13.927 [main] INFO  com.mindtree.stepdefinitions.Jewellery - Kapruka Semi Precious Earrings
16:30:13.959 [main] INFO  com.mindtree.stepdefinitions.Jewellery - Chenju Semi-Precious Earrings
16:30:13.988 [main] INFO  com.mindtree.stepdefinitions.Jewellery - Luna Semi-Precious Stud Earrings
16:30:14.023 [main] INFO  com.mindtree.stepdefinitions.Jewellery - Mirissa Blue Semi-Precious Stud Earrings
16:30:14.051 [main] INFO  com.mindtree.stepdefinitions.Jewellery - Moana Gemstone Pendant with With Silver Chain
16:30:14.080 [main] INFO  com.mindtree.stepdefinitions.Jewellery - Enchanted Gemstone Pendant With Silver Chain
16:30:14.110 [main] INFO  com.mindtree.stepdefinitions.Jewellery - Starfish Aquamarine Semi-Precious Pendant With Silver Chain
16:30:14.141 [main] INFO  com.mindtree.stepdefinitions.Jewellery - Araliya Semi-Precious Earring Studs
16:30:16.681 [main] INFO  com.mindtree.stepdefinitions.London - ----------Test Case 6----------
16:30:16.681 [main] INFO  com.mindtree.stepdefinitions.London - opening the browser
16:30:22.322 [main] INFO  com.mindtree.stepdefinitions.London - navigated to the site
16:30:24.251 [main] INFO  com.mindtree.stepdefinitions.London - clicked on sign in
16:30:24.856 [main] INFO  com.mindtree.stepdefinitions.London - entered email and password
16:30:27.031 [main] INFO  com.mindtree.stepdefinitions.London - clicked on sign in button
16:30:33.194 [main] INFO  com.mindtree.stepdefinitions.London - ----------Test Case 5----------
16:30:33.194 [main] INFO  com.mindtree.stepdefinitions.London - opening the browser
16:30:52.943 [main] INFO  com.mindtree.stepdefinitions.London - navigated to the site
16:30:57.813 [main] INFO  com.mindtree.stepdefinitions.London - clicked on luckies of london
16:30:58.523 [main] INFO  com.mindtree.stepdefinitions.London - Harry Potter Hedwig Post Cards - Pack of 5
16:31:01.052 [main] INFO  com.mindtree.stepdefinitions.London - clicked on chalkboard map diy
16:31:54.563 [main] INFO  com.mindtree.stepdefinitions.NewProduct - ----------Test Case 6----------
16:31:54.564 [main] INFO  com.mindtree.stepdefinitions.NewProduct - opening the browser
16:32:02.919 [main] INFO  com.mindtree.stepdefinitions.NewProduct - navigates to the site
16:32:05.444 [main] INFO  com.mindtree.stepdefinitions.NewProduct - clicked on whats new
16:32:08.575 [main] INFO  com.mindtree.stepdefinitions.NewProduct - clicked on Star and Moon Curtain LED Lights
16:32:09.099 [main] INFO  com.mindtree.stepdefinitions.NewProduct - The price of the productRs. 1,099
16:32:09.193 [main] INFO  com.mindtree.stepdefinitions.NewProduct - Adding to cart
16:32:10.401 [main] INFO  com.mindtree.stepdefinitions.NewProduct - packing in a gift wrap
16:32:10.525 [main] INFO  com.mindtree.stepdefinitions.NewProduct - checking out
16:32:21.543 [main] INFO  com.mindtree.stepdefinitions.NewProduct - added email
16:32:21.672 [main] INFO  com.mindtree.stepdefinitions.NewProduct - added first name
16:32:21.791 [main] INFO  com.mindtree.stepdefinitions.NewProduct - added last name
16:32:21.932 [main] INFO  com.mindtree.stepdefinitions.NewProduct - added address
16:32:22.083 [main] INFO  com.mindtree.stepdefinitions.NewProduct - added landmark
16:32:22.225 [main] INFO  com.mindtree.stepdefinitions.NewProduct - added city
16:32:23.226 [main] INFO  com.mindtree.stepdefinitions.NewProduct - added state
16:32:23.321 [main] INFO  com.mindtree.stepdefinitions.NewProduct - added pin code
16:32:23.460 [main] INFO  com.mindtree.stepdefinitions.NewProduct - added contact
16:32:26.241 [main] INFO  com.mindtree.stepdefinitions.NewProduct - clicked on continue shipping
16:32:30.059 [main] INFO  com.mindtree.stepdefinitions.Pins - ----------Test Case 7----------
16:32:30.059 [main] INFO  com.mindtree.stepdefinitions.Pins - opening the browser
16:32:37.658 [main] INFO  com.mindtree.stepdefinitions.Pins - navigates to the site
16:32:41.766 [main] INFO  com.mindtree.stepdefinitions.Pins - clicked on lapel pins and brooches 
16:32:45.207 [main] INFO  com.mindtree.stepdefinitions.Pins - clicked on Harry Potter Characters Metallic Pins
16:32:46.736 [main] INFO  com.mindtree.stepdefinitions.Pins - added harry pin to cart
16:32:50.823 [main] INFO  com.mindtree.stepdefinitions.Pins - added minions pin to cart
16:32:53.371 [main] INFO  com.mindtree.stepdefinitions.Rakhi - ----------Test Case 8----------
16:32:53.372 [main] INFO  com.mindtree.stepdefinitions.Rakhi - opening the browser
16:33:00.480 [main] INFO  com.mindtree.stepdefinitions.Rakhi - navigates to the site
16:33:03.426 [main] INFO  com.mindtree.stepdefinitions.Rakhi - clicked on rakhi link 
16:33:06.201 [main] INFO  com.mindtree.stepdefinitions.Rakhi - clicked on Bhaiya Ciao Rakhi
16:33:09.650 [main] INFO  com.mindtree.stepdefinitions.Review - ----------Test Case 9----------
16:33:09.651 [main] INFO  com.mindtree.stepdefinitions.Review - opening the browser
16:33:18.960 [main] INFO  com.mindtree.stepdefinitions.Review - navigated to the site
16:33:21.624 [main] INFO  com.mindtree.stepdefinitions.Review - clicked on home decor category
16:33:27.262 [main] INFO  com.mindtree.stepdefinitions.Review - clicked on bonsai led lights
16:33:28.726 [main] INFO  com.mindtree.stepdefinitions.Review - review of the product is written
16:33:31.400 [main] INFO  com.mindtree.stepdefinitions.Search - ----------Test Case 10----------
16:33:31.400 [main] INFO  com.mindtree.stepdefinitions.Search - opening the browser
16:33:43.622 [main] INFO  com.mindtree.stepdefinitions.Search - navigated to the site
16:33:44.047 [main] INFO  com.mindtree.stepdefinitions.Search - clicked on search box and entered bts
16:33:48.134 [main] INFO  com.mindtree.stepdefinitions.Search - clicked on bts
16:33:48.581 [main] INFO  com.mindtree.stepdefinitions.Search - clicked on pink base
16:33:48.677 [main] INFO  com.mindtree.stepdefinitions.Search - enter postal code
16:33:49.925 [main] INFO  com.mindtree.stepdefinitions.Search - Cash on Delivery is available.
13:35:32.677 [main] INFO  com.mindtree.stepdefinitions.Jewellery - ----------Test Case 1----------
13:35:32.765 [main] INFO  com.mindtree.stepdefinitions.Jewellery - opening the browser
13:35:39.113 [main] INFO  com.mindtree.stepdefinitions.Jewellery - navigated to the site
13:35:43.455 [main] INFO  com.mindtree.stepdefinitions.Jewellery - clicked on birthday gifts for kids option
13:35:51.406 [main] INFO  com.mindtree.stepdefinitions.Jewellery - clicked on the harry potter
13:35:52.506 [main] INFO  com.mindtree.stepdefinitions.Jewellery - adding to cart
13:35:54.535 [main] INFO  com.mindtree.stepdefinitions.Jewellery - adding a gift note
13:36:00.168 [main] INFO  com.mindtree.stepdefinitions.CorporateGift - ----------Test Case 2----------
13:36:00.168 [main] INFO  com.mindtree.stepdefinitions.CorporateGift - opening the browser
13:36:06.825 [main] INFO  com.mindtree.stepdefinitions.CorporateGift - navigated to the site
13:36:09.491 [main] INFO  com.mindtree.stepdefinitions.CorporateGift - clicked on corporate gifts
13:36:13.428 [main] INFO  com.mindtree.stepdefinitions.CorporateGift - clicked on astro stationery and phone holder
13:36:14.018 [main] INFO  com.mindtree.stepdefinitions.CorporateGift - First review of the product:Sent as a gift. They loved it!
13:36:14.052 [main] INFO  com.mindtree.stepdefinitions.CorporateGift - Add To Wishlist
13:36:18.313 [main] INFO  com.mindtree.stepdefinitions.London - ----------Test Case 3----------
13:36:18.313 [main] INFO  com.mindtree.stepdefinitions.London - opening the browser
13:36:32.847 [main] INFO  com.mindtree.stepdefinitions.London - navigated to the site
13:37:15.817 [main] INFO  com.mindtree.stepdefinitions.London - clicked on create account
13:37:16.584 [main] INFO  com.mindtree.stepdefinitions.London - entered firstname,lastname,email and password
13:37:16.932 [main] INFO  com.mindtree.stepdefinitions.London - clicked on create button
13:37:36.455 [main] INFO  com.mindtree.stepdefinitions.NewProduct - ----------Test Case 4----------
13:37:36.455 [main] INFO  com.mindtree.stepdefinitions.NewProduct - opening the browser
13:37:42.557 [main] INFO  com.mindtree.stepdefinitions.NewProduct - navigates to the site
13:37:46.229 [main] INFO  com.mindtree.stepdefinitions.NewProduct - clicked on gift card icon
13:37:48.559 [main] INFO  com.mindtree.stepdefinitions.NewProduct - The gift card sent is worth:Rs. 40,000
13:37:51.267 [main] INFO  com.mindtree.stepdefinitions.Jewellery - ----------Test Case 5----------
13:37:51.267 [main] INFO  com.mindtree.stepdefinitions.Jewellery - opening the browser
13:37:56.775 [main] INFO  com.mindtree.stepdefinitions.Jewellery - navigated to the site
13:38:00.308 [main] INFO  com.mindtree.stepdefinitions.Jewellery - clicked on jewellery category
13:38:00.974 [main] INFO  com.mindtree.stepdefinitions.Jewellery - There are 8 products in this page which are sold out
13:38:01.019 [main] INFO  com.mindtree.stepdefinitions.Jewellery - Mirissa Blue Topaz Gemstone Bracelet
13:38:01.048 [main] INFO  com.mindtree.stepdefinitions.Jewellery - Aster Blue Topaz Earrings
13:38:01.075 [main] INFO  com.mindtree.stepdefinitions.Jewellery - Araliya Semi-Precious Earring Studs
13:38:01.108 [main] INFO  com.mindtree.stepdefinitions.Jewellery - Mermaid Jewellery Holder 3D Plate
13:38:01.139 [main] INFO  com.mindtree.stepdefinitions.Jewellery - Harry Potter 9 ¾ Bracelet
13:38:01.170 [main] INFO  com.mindtree.stepdefinitions.Jewellery - Vera Amethyst Pendant With Chain
13:38:01.201 [main] INFO  com.mindtree.stepdefinitions.Jewellery - Girl Boss Bracelet
13:38:01.233 [main] INFO  com.mindtree.stepdefinitions.Jewellery - Watermelon Gold Plated Earrings
13:38:01.233 [main] INFO  com.mindtree.stepdefinitions.Jewellery - There are 13 exclusive products in this page
13:38:01.279 [main] INFO  com.mindtree.stepdefinitions.Jewellery - Aliya Semi-Precious Pendant With Silver Chain
13:38:01.310 [main] INFO  com.mindtree.stepdefinitions.Jewellery - Heart Semi-Precious Pendant With Silver Chain
13:38:01.341 [main] INFO  com.mindtree.stepdefinitions.Jewellery - Aurora Semi-Precious Stud Earrings
13:38:01.373 [main] INFO  com.mindtree.stepdefinitions.Jewellery - Moonstone Earring Studs
13:38:01.416 [main] INFO  com.mindtree.stepdefinitions.Jewellery - Mirissa Blue Topaz Gemstone Bracelet
13:38:01.454 [main] INFO  com.mindtree.stepdefinitions.Jewellery - Kapruka Semi Precious Earrings
13:38:01.485 [main] INFO  com.mindtree.stepdefinitions.Jewellery - Chenju Semi-Precious Earrings
13:38:01.517 [main] INFO  com.mindtree.stepdefinitions.Jewellery - Luna Semi-Precious Stud Earrings
13:38:01.548 [main] INFO  com.mindtree.stepdefinitions.Jewellery - Mirissa Blue Semi-Precious Stud Earrings
13:38:01.596 [main] INFO  com.mindtree.stepdefinitions.Jewellery - Moana Gemstone Pendant with With Silver Chain
13:38:01.630 [main] INFO  com.mindtree.stepdefinitions.Jewellery - Enchanted Gemstone Pendant With Silver Chain
13:38:01.657 [main] INFO  com.mindtree.stepdefinitions.Jewellery - Starfish Aquamarine Semi-Precious Pendant With Silver Chain
13:38:01.684 [main] INFO  com.mindtree.stepdefinitions.Jewellery - Araliya Semi-Precious Earring Studs
13:38:04.641 [main] INFO  com.mindtree.stepdefinitions.London - ----------Test Case 6----------
13:38:04.641 [main] INFO  com.mindtree.stepdefinitions.London - opening the browser
13:38:10.436 [main] INFO  com.mindtree.stepdefinitions.London - navigated to the site
13:38:13.829 [main] INFO  com.mindtree.stepdefinitions.London - clicked on sign in
13:38:14.255 [main] INFO  com.mindtree.stepdefinitions.London - entered email and password
13:38:16.438 [main] INFO  com.mindtree.stepdefinitions.London - clicked on sign in button
13:38:22.864 [main] INFO  com.mindtree.stepdefinitions.CorporateGift - ----------Test Case 7----------
13:38:22.865 [main] INFO  com.mindtree.stepdefinitions.CorporateGift - opening the browser
13:38:33.241 [main] INFO  com.mindtree.stepdefinitions.CorporateGift - navigated to the site
13:38:41.928 [main] INFO  com.mindtree.stepdefinitions.CorporateGift - clicked on luckies of london
13:38:44.018 [main] INFO  com.mindtree.stepdefinitions.CorporateGift - Chalkboard Map DIY
13:38:47.380 [main] INFO  com.mindtree.stepdefinitions.CorporateGift - clicked on chalkboard map diy
13:38:48.190 [main] INFO  com.mindtree.stepdefinitions.CorporateGift - Rs. 2,200
13:38:48.201 [main] INFO  com.mindtree.stepdefinitions.CorporateGift - Rs. 1,799
13:38:48.212 [main] INFO  com.mindtree.stepdefinitions.CorporateGift - Rs. 401
13:38:51.255 [main] INFO  com.mindtree.stepdefinitions.NewProduct - ----------Test Case 8----------
13:38:51.255 [main] INFO  com.mindtree.stepdefinitions.NewProduct - opening the browser
13:38:59.320 [main] INFO  com.mindtree.stepdefinitions.NewProduct - navigates to the site
13:39:02.233 [main] INFO  com.mindtree.stepdefinitions.NewProduct - clicked on whats new
13:39:05.479 [main] INFO  com.mindtree.stepdefinitions.NewProduct - clicked on Star and Moon Curtain LED Lights
13:39:05.921 [main] INFO  com.mindtree.stepdefinitions.NewProduct - The price of the productRs. 1,099
13:39:05.999 [main] INFO  com.mindtree.stepdefinitions.NewProduct - Adding to cart
13:39:07.173 [main] INFO  com.mindtree.stepdefinitions.NewProduct - packing in a gift wrap
13:39:07.300 [main] INFO  com.mindtree.stepdefinitions.NewProduct - checking out
13:39:17.194 [main] INFO  com.mindtree.stepdefinitions.NewProduct - added email
13:39:17.302 [main] INFO  com.mindtree.stepdefinitions.NewProduct - added first name
13:39:17.416 [main] INFO  com.mindtree.stepdefinitions.NewProduct - added last name
13:39:17.539 [main] INFO  com.mindtree.stepdefinitions.NewProduct - added address
13:39:17.676 [main] INFO  com.mindtree.stepdefinitions.NewProduct - added landmark
13:39:17.812 [main] INFO  com.mindtree.stepdefinitions.NewProduct - added city
13:39:18.210 [main] INFO  com.mindtree.stepdefinitions.NewProduct - added state
13:39:18.302 [main] INFO  com.mindtree.stepdefinitions.NewProduct - added pin code
13:39:18.413 [main] INFO  com.mindtree.stepdefinitions.NewProduct - added contact
13:39:23.443 [main] INFO  com.mindtree.stepdefinitions.NewProduct - clicked on continue shipping
13:39:27.944 [main] INFO  com.mindtree.stepdefinitions.NewProduct - ----------Test Case 9----------
13:39:27.944 [main] INFO  com.mindtree.stepdefinitions.NewProduct - opening the browser
13:39:35.527 [main] INFO  com.mindtree.stepdefinitions.NewProduct - navigates to the site
13:39:38.638 [main] INFO  com.mindtree.stepdefinitions.NewProduct - clicked on lapel pins and brooches 
13:39:41.445 [main] INFO  com.mindtree.stepdefinitions.NewProduct - clicked on Harry Potter Characters Metallic Pins
13:39:43.051 [main] INFO  com.mindtree.stepdefinitions.NewProduct - added harry pin to cart
13:40:30.109 [main] INFO  com.mindtree.stepdefinitions.NewProduct - ----------Test Case 10----------
13:40:30.109 [main] INFO  com.mindtree.stepdefinitions.NewProduct - opening the browser
13:40:34.987 [main] INFO  com.mindtree.stepdefinitions.NewProduct - navigates to the site
13:40:38.010 [main] INFO  com.mindtree.stepdefinitions.NewProduct - clicked on rakhi link 
13:40:42.940 [main] INFO  com.mindtree.stepdefinitions.NewProduct - clicked on Bhaiya Ciao Rakhi
13:40:49.492 [main] INFO  com.mindtree.stepdefinitions.Jewellery - ----------Test Case 11----------
13:40:49.492 [main] INFO  com.mindtree.stepdefinitions.Jewellery - opening the browser
13:40:55.086 [main] INFO  com.mindtree.stepdefinitions.Jewellery - navigated to the site
13:40:58.237 [main] INFO  com.mindtree.stepdefinitions.Jewellery - clicked on home decor category
13:41:00.933 [main] INFO  com.mindtree.stepdefinitions.Jewellery - clicked on bonsai led lights
13:41:02.082 [main] INFO  com.mindtree.stepdefinitions.Jewellery - review of the product is written
13:41:05.447 [main] INFO  com.mindtree.stepdefinitions.CorporateGift - ----------Test Case 12----------
13:41:05.447 [main] INFO  com.mindtree.stepdefinitions.CorporateGift - opening the browser
13:41:11.842 [main] INFO  com.mindtree.stepdefinitions.CorporateGift - navigated to the site
13:41:12.005 [main] INFO  com.mindtree.stepdefinitions.CorporateGift - clicked on search box and entered bts
13:41:18.547 [main] INFO  com.mindtree.stepdefinitions.CorporateGift - clicked on bts
13:41:19.130 [main] INFO  com.mindtree.stepdefinitions.CorporateGift - clicked on pink base
13:41:19.217 [main] INFO  com.mindtree.stepdefinitions.CorporateGift - enter postal code
13:41:20.450 [main] INFO  com.mindtree.stepdefinitions.CorporateGift - Cash on Delivery is available.
