21:25:06.773 [main] INFO  com.mindtree.stepdefinitions.Jewellery - Starfish Aquamarine Semi-Precious Pendant With Silver Chain
21:25:06.799 [main] INFO  com.mindtree.stepdefinitions.Jewellery - Araliya Semi-Precious Earring Studs
21:25:10.276 [main] INFO  com.mindtree.stepdefinitions.London - ----------Test Case 5----------
21:25:10.276 [main] INFO  com.mindtree.stepdefinitions.London - opening the browser
21:25:18.568 [main] INFO  com.mindtree.stepdefinitions.London - navigated to the site
21:25:22.573 [main] INFO  com.mindtree.stepdefinitions.London - clicked on luckies of london
21:25:23.072 [main] INFO  com.mindtree.stepdefinitions.London - Chalkboard Map DIY
21:25:25.189 [main] INFO  com.mindtree.stepdefinitions.London - clicked on chalkboard map diy
21:25:25.687 [main] INFO  com.mindtree.stepdefinitions.London - Rs. 2,200
21:25:25.697 [main] INFO  com.mindtree.stepdefinitions.London - Rs. 1,799
21:25:25.709 [main] INFO  com.mindtree.stepdefinitions.London - Rs. 401
21:25:28.881 [main] INFO  com.mindtree.stepdefinitions.NewProduct - ----------Test Case 6----------
21:25:28.881 [main] INFO  com.mindtree.stepdefinitions.NewProduct - opening the browser
21:25:37.923 [main] INFO  com.mindtree.stepdefinitions.NewProduct - navigates to the site
21:25:40.327 [main] INFO  com.mindtree.stepdefinitions.NewProduct - clicked on whats new
21:25:43.120 [main] INFO  com.mindtree.stepdefinitions.NewProduct - clicked on Star and Moon Curtain LED Lights
21:25:43.728 [main] INFO  com.mindtree.stepdefinitions.NewProduct - The price of the productRs. 1,099
21:25:43.823 [main] INFO  com.mindtree.stepdefinitions.NewProduct - Adding to cart
21:25:45.589 [main] INFO  com.mindtree.stepdefinitions.NewProduct - packing in a gift wrap
21:25:45.713 [main] INFO  com.mindtree.stepdefinitions.NewProduct - checking out
21:25:57.879 [main] INFO  com.mindtree.stepdefinitions.NewProduct - added email
21:25:57.988 [main] INFO  com.mindtree.stepdefinitions.NewProduct - added first name
21:25:58.090 [main] INFO  com.mindtree.stepdefinitions.NewProduct - added last name
21:25:58.226 [main] INFO  com.mindtree.stepdefinitions.NewProduct - added address
21:25:58.361 [main] INFO  com.mindtree.stepdefinitions.NewProduct - added landmark
21:25:58.470 [main] INFO  com.mindtree.stepdefinitions.NewProduct - added city
21:25:59.219 [main] INFO  com.mindtree.stepdefinitions.NewProduct - added state
21:25:59.310 [main] INFO  com.mindtree.stepdefinitions.NewProduct - added pin code
21:25:59.455 [main] INFO  com.mindtree.stepdefinitions.NewProduct - added contact
21:26:03.870 [main] INFO  com.mindtree.stepdefinitions.NewProduct - clicked on continue shipping
21:26:07.561 [main] INFO  com.mindtree.stepdefinitions.Pins - ----------Test Case 7----------
21:26:07.561 [main] INFO  com.mindtree.stepdefinitions.Pins - opening the browser
21:26:15.128 [main] INFO  com.mindtree.stepdefinitions.Pins - navigates to the site
21:26:17.778 [main] INFO  com.mindtree.stepdefinitions.Pins - clicked on lapel pins and brooches 
21:26:21.737 [main] INFO  com.mindtree.stepdefinitions.Pins - clicked on Harry Potter Characters Metallic Pins
21:26:25.561 [main] INFO  com.mindtree.stepdefinitions.Pins - added harry pin to cart
21:27:21.242 [main] INFO  com.mindtree.stepdefinitions.Rakhi - ----------Test Case 8----------
21:27:21.243 [main] INFO  com.mindtree.stepdefinitions.Rakhi - opening the browser
21:27:31.098 [main] INFO  com.mindtree.stepdefinitions.Rakhi - navigates to the site
21:27:34.338 [main] INFO  com.mindtree.stepdefinitions.Rakhi - clicked on rakhi link 
21:27:38.783 [main] INFO  com.mindtree.stepdefinitions.Rakhi - clicked on Bhaiya Ciao Rakhi
21:27:43.737 [main] INFO  com.mindtree.stepdefinitions.Review - ----------Test Case 9----------
21:27:43.737 [main] INFO  com.mindtree.stepdefinitions.Review - opening the browser
21:27:55.274 [main] INFO  com.mindtree.stepdefinitions.Review - navigated to the site
21:28:02.082 [main] INFO  com.mindtree.stepdefinitions.Review - clicked on home decor category
21:28:05.842 [main] INFO  com.mindtree.stepdefinitions.Review - clicked on bonsai led lights
21:28:07.344 [main] INFO  com.mindtree.stepdefinitions.Review - review of the product is written
21:28:10.931 [main] INFO  com.mindtree.stepdefinitions.Search - ----------Test Case 10----------
21:28:10.931 [main] INFO  com.mindtree.stepdefinitions.Search - opening the browser
21:28:18.554 [main] INFO  com.mindtree.stepdefinitions.Search - navigated to the site
21:28:19.052 [main] INFO  com.mindtree.stepdefinitions.Search - clicked on search box and entered bts
21:28:28.627 [main] INFO  com.mindtree.stepdefinitions.Search - clicked on bts
21:28:29.155 [main] INFO  com.mindtree.stepdefinitions.Search - clicked on pink base
21:28:29.248 [main] INFO  com.mindtree.stepdefinitions.Search - enter postal code
21:28:30.513 [main] INFO  com.mindtree.stepdefinitions.Search - Cash on Delivery is available.
21:31:50.914 [main] INFO  com.mindtree.stepdefinitions.BirthdayGifts - ----------Test Case 1----------
21:31:50.916 [main] INFO  com.mindtree.stepdefinitions.BirthdayGifts - opening the browser
21:32:00.969 [main] INFO  com.mindtree.stepdefinitions.BirthdayGifts - navigated to the site
21:32:04.880 [main] INFO  com.mindtree.stepdefinitions.BirthdayGifts - clicked on birthday gifts for kids option
21:32:13.283 [main] INFO  com.mindtree.stepdefinitions.BirthdayGifts - clicked on the harry potter
21:32:13.827 [main] INFO  com.mindtree.stepdefinitions.BirthdayGifts - adding to cart
21:32:15.424 [main] INFO  com.mindtree.stepdefinitions.BirthdayGifts - adding a gift note
21:32:20.357 [main] INFO  com.mindtree.stepdefinitions.CorporateGift - ----------Test Case 2----------
21:32:20.357 [main] INFO  com.mindtree.stepdefinitions.CorporateGift - opening the browser
21:32:34.608 [main] INFO  com.mindtree.stepdefinitions.CorporateGift - navigated to the site
21:32:38.675 [main] INFO  com.mindtree.stepdefinitions.CorporateGift - clicked on corporate gifts
21:32:41.711 [main] INFO  com.mindtree.stepdefinitions.CorporateGift - clicked on astro stationery and phone holder
21:32:42.193 [main] INFO  com.mindtree.stepdefinitions.CorporateGift - First review of the product:Sent as a gift. They loved it!
21:32:42.224 [main] INFO  com.mindtree.stepdefinitions.CorporateGift - Add To Wishlist
21:32:42.336 [main] INFO  com.mindtree.stepdefinitions.CorporateGift - added product to wishlist
21:32:46.410 [main] INFO  com.mindtree.stepdefinitions.Giftcard - ----------Test Case 3----------
21:32:46.410 [main] INFO  com.mindtree.stepdefinitions.Giftcard - opening the browser
21:32:54.762 [main] INFO  com.mindtree.stepdefinitions.Giftcard - navigates to the site
21:32:57.970 [main] INFO  com.mindtree.stepdefinitions.Giftcard - clicked on gift card icon
21:33:00.410 [main] INFO  com.mindtree.stepdefinitions.Giftcard - The gift card sent is worth:Rs. 40,000
21:33:03.221 [main] INFO  com.mindtree.stepdefinitions.Jewellery - ----------Test Case 4----------
21:33:03.221 [main] INFO  com.mindtree.stepdefinitions.Jewellery - opening the browser
21:33:16.169 [main] INFO  com.mindtree.stepdefinitions.Jewellery - navigated to the site
21:33:20.172 [main] INFO  com.mindtree.stepdefinitions.Jewellery - clicked on jewellery category
21:33:20.715 [main] INFO  com.mindtree.stepdefinitions.Jewellery - There are 7 products in this page which are sold out
21:33:20.758 [main] INFO  com.mindtree.stepdefinitions.Jewellery - Mirissa Blue Topaz Gemstone Bracelet
21:33:20.784 [main] INFO  com.mindtree.stepdefinitions.Jewellery - Aster Blue Topaz Earrings
21:33:20.816 [main] INFO  com.mindtree.stepdefinitions.Jewellery - Araliya Semi-Precious Earring Studs
21:33:20.909 [main] INFO  com.mindtree.stepdefinitions.Jewellery - Mermaid Jewellery Holder 3D Plate
21:33:20.941 [main] INFO  com.mindtree.stepdefinitions.Jewellery - Harry Potter 9 ¾ Bracelet
21:33:20.973 [main] INFO  com.mindtree.stepdefinitions.Jewellery - Vera Amethyst Pendant With Chain
21:33:21.013 [main] INFO  com.mindtree.stepdefinitions.Jewellery - Watermelon Gold Plated Earrings
21:33:21.013 [main] INFO  com.mindtree.stepdefinitions.Jewellery - There are 13 exclusive products in this page
21:33:21.052 [main] INFO  com.mindtree.stepdefinitions.Jewellery - Aliya Semi-Precious Pendant With Silver Chain
21:33:21.084 [main] INFO  com.mindtree.stepdefinitions.Jewellery - Heart Semi-Precious Pendant With Silver Chain
21:33:21.121 [main] INFO  com.mindtree.stepdefinitions.Jewellery - Aurora Semi-Precious Stud Earrings
21:33:21.148 [main] INFO  com.mindtree.stepdefinitions.Jewellery - Moonstone Earring Studs
21:33:21.175 [main] INFO  com.mindtree.stepdefinitions.Jewellery - Mirissa Blue Topaz Gemstone Bracelet
21:33:21.210 [main] INFO  com.mindtree.stepdefinitions.Jewellery - Kapruka Semi Precious Earrings
21:33:21.240 [main] INFO  com.mindtree.stepdefinitions.Jewellery - Chenju Semi-Precious Earrings
21:33:21.274 [main] INFO  com.mindtree.stepdefinitions.Jewellery - Luna Semi-Precious Stud Earrings
21:33:21.302 [main] INFO  com.mindtree.stepdefinitions.Jewellery - Mirissa Blue Semi-Precious Stud Earrings
21:33:21.336 [main] INFO  com.mindtree.stepdefinitions.Jewellery - Moana Gemstone Pendant with With Silver Chain
21:33:21.404 [main] INFO  com.mindtree.stepdefinitions.Jewellery - Enchanted Gemstone Pendant With Silver Chain
21:33:21.444 [main] INFO  com.mindtree.stepdefinitions.Jewellery - Starfish Aquamarine Semi-Precious Pendant With Silver Chain
21:33:21.469 [main] INFO  com.mindtree.stepdefinitions.Jewellery - Araliya Semi-Precious Earring Studs
21:33:25.102 [main] INFO  com.mindtree.stepdefinitions.London - ----------Test Case 5----------
21:33:25.102 [main] INFO  com.mindtree.stepdefinitions.London - opening the browser
21:33:32.965 [main] INFO  com.mindtree.stepdefinitions.London - navigated to the site
21:33:37.102 [main] INFO  com.mindtree.stepdefinitions.London - clicked on luckies of london
21:33:37.775 [main] INFO  com.mindtree.stepdefinitions.London - Chalkboard Map DIY
21:33:41.277 [main] INFO  com.mindtree.stepdefinitions.London - clicked on chalkboard map diy
21:33:41.734 [main] INFO  com.mindtree.stepdefinitions.London - Rs. 2,200
21:33:41.744 [main] INFO  com.mindtree.stepdefinitions.London - Rs. 1,799
21:33:41.754 [main] INFO  com.mindtree.stepdefinitions.London - Rs. 401
21:33:44.856 [main] INFO  com.mindtree.stepdefinitions.NewProduct - ----------Test Case 6----------
21:33:44.856 [main] INFO  com.mindtree.stepdefinitions.NewProduct - opening the browser
21:33:50.754 [main] INFO  com.mindtree.stepdefinitions.NewProduct - navigates to the site
21:33:55.747 [main] INFO  com.mindtree.stepdefinitions.NewProduct - clicked on whats new
21:34:02.905 [main] INFO  com.mindtree.stepdefinitions.NewProduct - clicked on Star and Moon Curtain LED Lights
21:34:03.421 [main] INFO  com.mindtree.stepdefinitions.NewProduct - The price of the productRs. 1,099
21:34:03.496 [main] INFO  com.mindtree.stepdefinitions.NewProduct - Adding to cart
21:34:04.743 [main] INFO  com.mindtree.stepdefinitions.NewProduct - packing in a gift wrap
21:34:04.886 [main] INFO  com.mindtree.stepdefinitions.NewProduct - checking out
21:34:16.601 [main] INFO  com.mindtree.stepdefinitions.NewProduct - added email
21:34:16.688 [main] INFO  com.mindtree.stepdefinitions.NewProduct - added first name
21:34:16.838 [main] INFO  com.mindtree.stepdefinitions.NewProduct - added last name
21:34:16.979 [main] INFO  com.mindtree.stepdefinitions.NewProduct - added address
21:34:17.095 [main] INFO  com.mindtree.stepdefinitions.NewProduct - added landmark
21:34:17.265 [main] INFO  com.mindtree.stepdefinitions.NewProduct - added city
21:34:17.600 [main] INFO  com.mindtree.stepdefinitions.NewProduct - added state
21:34:17.704 [main] INFO  com.mindtree.stepdefinitions.NewProduct - added pin code
21:34:17.830 [main] INFO  com.mindtree.stepdefinitions.NewProduct - added contact
21:34:23.992 [main] INFO  com.mindtree.stepdefinitions.NewProduct - clicked on continue shipping
21:34:26.720 [main] INFO  com.mindtree.stepdefinitions.Pins - ----------Test Case 7----------
21:34:26.720 [main] INFO  com.mindtree.stepdefinitions.Pins - opening the browser
21:34:34.843 [main] INFO  com.mindtree.stepdefinitions.Pins - navigates to the site
21:34:39.505 [main] INFO  com.mindtree.stepdefinitions.Pins - clicked on lapel pins and brooches 
21:34:44.104 [main] INFO  com.mindtree.stepdefinitions.Pins - clicked on Harry Potter Characters Metallic Pins
21:34:45.554 [main] INFO  com.mindtree.stepdefinitions.Pins - added harry pin to cart
21:35:39.948 [main] INFO  com.mindtree.stepdefinitions.Rakhi - ----------Test Case 8----------
21:35:39.948 [main] INFO  com.mindtree.stepdefinitions.Rakhi - opening the browser
21:35:47.323 [main] INFO  com.mindtree.stepdefinitions.Rakhi - navigates to the site
21:35:50.393 [main] INFO  com.mindtree.stepdefinitions.Rakhi - clicked on rakhi link 
21:35:54.631 [main] INFO  com.mindtree.stepdefinitions.Rakhi - clicked on Bhaiya Ciao Rakhi
21:35:59.763 [main] INFO  com.mindtree.stepdefinitions.Review - ----------Test Case 9----------
21:35:59.763 [main] INFO  com.mindtree.stepdefinitions.Review - opening the browser
21:36:13.082 [main] INFO  com.mindtree.stepdefinitions.Review - navigated to the site
21:36:16.019 [main] INFO  com.mindtree.stepdefinitions.Review - clicked on home decor category
21:36:20.143 [main] INFO  com.mindtree.stepdefinitions.Review - clicked on bonsai led lights
21:36:21.444 [main] INFO  com.mindtree.stepdefinitions.Review - review of the product is written
21:36:26.201 [main] INFO  com.mindtree.stepdefinitions.Search - ----------Test Case 10----------
21:36:26.201 [main] INFO  com.mindtree.stepdefinitions.Search - opening the browser
21:36:35.169 [main] INFO  com.mindtree.stepdefinitions.Search - navigated to the site
21:36:35.326 [main] INFO  com.mindtree.stepdefinitions.Search - clicked on search box and entered bts
21:36:40.933 [main] INFO  com.mindtree.stepdefinitions.Search - clicked on bts
21:36:41.456 [main] INFO  com.mindtree.stepdefinitions.Search - clicked on pink base
21:36:41.590 [main] INFO  com.mindtree.stepdefinitions.Search - enter postal code
21:36:42.881 [main] INFO  com.mindtree.stepdefinitions.Search - Cash on Delivery is available.
21:41:16.898 [main] INFO  com.mindtree.stepdefinitions.BirthdayGifts - ----------Test Case 1----------
21:41:16.919 [main] INFO  com.mindtree.stepdefinitions.BirthdayGifts - opening the browser
21:41:25.234 [main] INFO  com.mindtree.stepdefinitions.BirthdayGifts - navigated to the site
21:41:28.981 [main] INFO  com.mindtree.stepdefinitions.BirthdayGifts - clicked on birthday gifts for kids option
21:41:37.505 [main] INFO  com.mindtree.stepdefinitions.BirthdayGifts - clicked on the harry potter
21:41:38.012 [main] INFO  com.mindtree.stepdefinitions.BirthdayGifts - adding to cart
21:41:41.576 [main] INFO  com.mindtree.stepdefinitions.BirthdayGifts - adding a gift note
21:41:45.696 [main] INFO  com.mindtree.stepdefinitions.CorporateGift - ----------Test Case 2----------
21:41:45.697 [main] INFO  com.mindtree.stepdefinitions.CorporateGift - opening the browser
21:41:57.031 [main] INFO  com.mindtree.stepdefinitions.CorporateGift - navigated to the site
21:42:00.767 [main] INFO  com.mindtree.stepdefinitions.CorporateGift - clicked on corporate gifts
21:42:05.003 [main] INFO  com.mindtree.stepdefinitions.CorporateGift - clicked on astro stationery and phone holder
21:42:05.472 [main] INFO  com.mindtree.stepdefinitions.CorporateGift - First review of the product:Sent as a gift. They loved it!
21:42:05.529 [main] INFO  com.mindtree.stepdefinitions.CorporateGift - Add To Wishlist
21:42:05.644 [main] INFO  com.mindtree.stepdefinitions.CorporateGift - added product to wishlist
21:42:09.791 [main] INFO  com.mindtree.stepdefinitions.Giftcard - ----------Test Case 3----------
21:42:09.791 [main] INFO  com.mindtree.stepdefinitions.Giftcard - opening the browser
21:42:17.534 [main] INFO  com.mindtree.stepdefinitions.Giftcard - navigates to the site
21:42:20.808 [main] INFO  com.mindtree.stepdefinitions.Giftcard - clicked on gift card icon
21:42:23.099 [main] INFO  com.mindtree.stepdefinitions.Giftcard - The gift card sent is worth:Rs. 40,000
21:42:25.978 [main] INFO  com.mindtree.stepdefinitions.Jewellery - ----------Test Case 4----------
21:42:25.978 [main] INFO  com.mindtree.stepdefinitions.Jewellery - opening the browser
21:42:33.907 [main] INFO  com.mindtree.stepdefinitions.Jewellery - navigated to the site
21:42:37.932 [main] INFO  com.mindtree.stepdefinitions.Jewellery - clicked on jewellery category
21:42:38.456 [main] INFO  com.mindtree.stepdefinitions.Jewellery - There are 7 products in this page which are sold out
21:42:38.477 [main] INFO  com.mindtree.stepdefinitions.Jewellery - Mirissa Blue Topaz Gemstone Bracelet
21:42:38.550 [main] INFO  com.mindtree.stepdefinitions.Jewellery - Aster Blue Topaz Earrings
21:42:38.578 [main] INFO  com.mindtree.stepdefinitions.Jewellery - Araliya Semi-Precious Earring Studs
21:42:38.645 [main] INFO  com.mindtree.stepdefinitions.Jewellery - Mermaid Jewellery Holder 3D Plate
21:42:38.686 [main] INFO  com.mindtree.stepdefinitions.Jewellery - Harry Potter 9 ¾ Bracelet
21:42:38.751 [main] INFO  com.mindtree.stepdefinitions.Jewellery - Vera Amethyst Pendant With Chain
21:42:38.778 [main] INFO  com.mindtree.stepdefinitions.Jewellery - Watermelon Gold Plated Earrings
21:42:38.778 [main] INFO  com.mindtree.stepdefinitions.Jewellery - There are 13 exclusive products in this page
21:42:38.815 [main] INFO  com.mindtree.stepdefinitions.Jewellery - Aliya Semi-Precious Pendant With Silver Chain
21:42:38.841 [main] INFO  com.mindtree.stepdefinitions.Jewellery - Heart Semi-Precious Pendant With Silver Chain
21:42:38.890 [main] INFO  com.mindtree.stepdefinitions.Jewellery - Aurora Semi-Precious Stud Earrings
21:42:38.926 [main] INFO  com.mindtree.stepdefinitions.Jewellery - Moonstone Earring Studs
21:42:38.946 [main] INFO  com.mindtree.stepdefinitions.Jewellery - Mirissa Blue Topaz Gemstone Bracelet
21:42:38.983 [main] INFO  com.mindtree.stepdefinitions.Jewellery - Kapruka Semi Precious Earrings
21:42:39.014 [main] INFO  com.mindtree.stepdefinitions.Jewellery - Chenju Semi-Precious Earrings
21:42:39.061 [main] INFO  com.mindtree.stepdefinitions.Jewellery - Luna Semi-Precious Stud Earrings
21:42:39.094 [main] INFO  com.mindtree.stepdefinitions.Jewellery - Mirissa Blue Semi-Precious Stud Earrings
21:42:39.127 [main] INFO  com.mindtree.stepdefinitions.Jewellery - Moana Gemstone Pendant with With Silver Chain
21:42:39.155 [main] INFO  com.mindtree.stepdefinitions.Jewellery - Enchanted Gemstone Pendant With Silver Chain
21:42:39.189 [main] INFO  com.mindtree.stepdefinitions.Jewellery - Starfish Aquamarine Semi-Precious Pendant With Silver Chain
21:42:39.213 [main] INFO  com.mindtree.stepdefinitions.Jewellery - Araliya Semi-Precious Earring Studs
21:42:43.007 [main] INFO  com.mindtree.stepdefinitions.London - ----------Test Case 5----------
21:42:43.007 [main] INFO  com.mindtree.stepdefinitions.London - opening the browser
21:42:56.979 [main] INFO  com.mindtree.stepdefinitions.London - navigated to the site
21:42:59.381 [main] INFO  com.mindtree.stepdefinitions.London - clicked on luckies of london
21:42:59.931 [main] INFO  com.mindtree.stepdefinitions.London - Chalkboard Map DIY
21:43:03.043 [main] INFO  com.mindtree.stepdefinitions.London - clicked on chalkboard map diy
21:43:03.441 [main] INFO  com.mindtree.stepdefinitions.London - Rs. 2,200
21:43:03.454 [main] INFO  com.mindtree.stepdefinitions.London - Rs. 1,799
21:43:03.465 [main] INFO  com.mindtree.stepdefinitions.London - Rs. 401
21:43:08.768 [main] INFO  com.mindtree.stepdefinitions.NewProduct - ----------Test Case 6----------
21:43:08.768 [main] INFO  com.mindtree.stepdefinitions.NewProduct - opening the browser
21:43:19.834 [main] INFO  com.mindtree.stepdefinitions.NewProduct - navigates to the site
21:43:22.446 [main] INFO  com.mindtree.stepdefinitions.NewProduct - clicked on whats new
21:43:25.174 [main] INFO  com.mindtree.stepdefinitions.NewProduct - clicked on Star and Moon Curtain LED Lights
21:43:25.757 [main] INFO  com.mindtree.stepdefinitions.NewProduct - The price of the productRs. 1,099
21:43:25.874 [main] INFO  com.mindtree.stepdefinitions.NewProduct - Adding to cart
21:43:27.689 [main] INFO  com.mindtree.stepdefinitions.NewProduct - packing in a gift wrap
21:43:27.791 [main] INFO  com.mindtree.stepdefinitions.NewProduct - checking out
21:43:37.529 [main] INFO  com.mindtree.stepdefinitions.NewProduct - added email
21:43:37.645 [main] INFO  com.mindtree.stepdefinitions.NewProduct - added first name
21:43:37.745 [main] INFO  com.mindtree.stepdefinitions.NewProduct - added last name
21:43:37.850 [main] INFO  com.mindtree.stepdefinitions.NewProduct - added address
21:43:38.001 [main] INFO  com.mindtree.stepdefinitions.NewProduct - added landmark
21:43:38.120 [main] INFO  com.mindtree.stepdefinitions.NewProduct - added city
21:43:38.480 [main] INFO  com.mindtree.stepdefinitions.NewProduct - added state
21:43:38.579 [main] INFO  com.mindtree.stepdefinitions.NewProduct - added pin code
21:43:38.725 [main] INFO  com.mindtree.stepdefinitions.NewProduct - added contact
21:43:44.456 [main] INFO  com.mindtree.stepdefinitions.NewProduct - clicked on continue shipping
21:43:48.689 [main] INFO  com.mindtree.stepdefinitions.Pins - ----------Test Case 7----------
21:43:48.689 [main] INFO  com.mindtree.stepdefinitions.Pins - opening the browser
21:43:55.583 [main] INFO  com.mindtree.stepdefinitions.Pins - navigates to the site
21:44:00.110 [main] INFO  com.mindtree.stepdefinitions.Pins - clicked on lapel pins and brooches 
21:44:03.340 [main] INFO  com.mindtree.stepdefinitions.Pins - clicked on Harry Potter Characters Metallic Pins
21:44:05.036 [main] INFO  com.mindtree.stepdefinitions.Pins - added harry pin to cart
21:45:00.069 [main] INFO  com.mindtree.stepdefinitions.Rakhi - ----------Test Case 8----------
21:45:00.069 [main] INFO  com.mindtree.stepdefinitions.Rakhi - opening the browser
21:45:09.379 [main] INFO  com.mindtree.stepdefinitions.Rakhi - navigates to the site
21:45:12.592 [main] INFO  com.mindtree.stepdefinitions.Rakhi - clicked on rakhi link 
21:45:15.283 [main] INFO  com.mindtree.stepdefinitions.Rakhi - clicked on Bhaiya Ciao Rakhi
21:45:21.084 [main] INFO  com.mindtree.stepdefinitions.Review - ----------Test Case 9----------
21:45:21.084 [main] INFO  com.mindtree.stepdefinitions.Review - opening the browser
21:45:34.763 [main] INFO  com.mindtree.stepdefinitions.Review - navigated to the site
21:45:38.293 [main] INFO  com.mindtree.stepdefinitions.Review - clicked on home decor category
21:45:42.685 [main] INFO  com.mindtree.stepdefinitions.Review - clicked on bonsai led lights
21:45:44.823 [main] INFO  com.mindtree.stepdefinitions.Review - review of the product is written
21:45:52.069 [main] INFO  com.mindtree.stepdefinitions.Search - ----------Test Case 10----------
21:45:52.070 [main] INFO  com.mindtree.stepdefinitions.Search - opening the browser
21:45:57.526 [main] INFO  com.mindtree.stepdefinitions.Search - navigated to the site
21:45:57.686 [main] INFO  com.mindtree.stepdefinitions.Search - clicked on search box and entered bts
21:46:04.511 [main] INFO  com.mindtree.stepdefinitions.Search - clicked on bts
21:46:05.575 [main] INFO  com.mindtree.stepdefinitions.Search - clicked on pink base
21:46:05.691 [main] INFO  com.mindtree.stepdefinitions.Search - enter postal code
21:46:06.900 [main] INFO  com.mindtree.stepdefinitions.Search - Cash on Delivery is available.
21:49:05.109 [main] INFO  com.mindtree.stepdefinitions.BirthdayGifts - ----------Test Case 1----------
21:49:05.121 [main] INFO  com.mindtree.stepdefinitions.BirthdayGifts - opening the browser
21:49:18.020 [main] INFO  com.mindtree.stepdefinitions.BirthdayGifts - navigated to the site
21:49:21.062 [main] INFO  com.mindtree.stepdefinitions.BirthdayGifts - clicked on birthday gifts for kids option
21:49:37.319 [main] INFO  com.mindtree.stepdefinitions.BirthdayGifts - clicked on the harry potter
21:49:37.938 [main] INFO  com.mindtree.stepdefinitions.BirthdayGifts - adding to cart
21:49:39.648 [main] INFO  com.mindtree.stepdefinitions.BirthdayGifts - adding a gift note
21:49:44.733 [main] INFO  com.mindtree.stepdefinitions.CorporateGift - ----------Test Case 2----------
21:49:44.733 [main] INFO  com.mindtree.stepdefinitions.CorporateGift - opening the browser
21:49:55.428 [main] INFO  com.mindtree.stepdefinitions.CorporateGift - navigated to the site
21:50:02.686 [main] INFO  com.mindtree.stepdefinitions.CorporateGift - clicked on corporate gifts
21:50:05.485 [main] INFO  com.mindtree.stepdefinitions.CorporateGift - clicked on astro stationery and phone holder
21:50:06.479 [main] INFO  com.mindtree.stepdefinitions.CorporateGift - First review of the product:Sent as a gift. They loved it!
21:50:06.524 [main] INFO  com.mindtree.stepdefinitions.CorporateGift - Add To Wishlist
21:50:06.674 [main] INFO  com.mindtree.stepdefinitions.CorporateGift - added product to wishlist
21:50:09.362 [main] INFO  com.mindtree.stepdefinitions.Giftcard - ----------Test Case 3----------
21:50:09.362 [main] INFO  com.mindtree.stepdefinitions.Giftcard - opening the browser
21:50:19.696 [main] INFO  com.mindtree.stepdefinitions.Giftcard - navigates to the site
21:50:24.865 [main] INFO  com.mindtree.stepdefinitions.Giftcard - clicked on gift card icon
21:50:28.336 [main] INFO  com.mindtree.stepdefinitions.Giftcard - The gift card sent is worth:Rs. 40,000
21:50:33.936 [main] INFO  com.mindtree.stepdefinitions.Jewellery - ----------Test Case 4----------
21:50:33.936 [main] INFO  com.mindtree.stepdefinitions.Jewellery - opening the browser
21:50:53.886 [main] INFO  com.mindtree.stepdefinitions.Jewellery - navigated to the site
21:50:58.823 [main] INFO  com.mindtree.stepdefinitions.Jewellery - clicked on jewellery category
21:50:59.282 [main] INFO  com.mindtree.stepdefinitions.Jewellery - There are 7 products in this page which are sold out
21:50:59.357 [main] INFO  com.mindtree.stepdefinitions.Jewellery - Mirissa Blue Topaz Gemstone Bracelet
21:50:59.411 [main] INFO  com.mindtree.stepdefinitions.Jewellery - Aster Blue Topaz Earrings
21:50:59.470 [main] INFO  com.mindtree.stepdefinitions.Jewellery - Araliya Semi-Precious Earring Studs
21:50:59.506 [main] INFO  com.mindtree.stepdefinitions.Jewellery - Mermaid Jewellery Holder 3D Plate
21:50:59.556 [main] INFO  com.mindtree.stepdefinitions.Jewellery - Harry Potter 9 ¾ Bracelet
21:50:59.581 [main] INFO  com.mindtree.stepdefinitions.Jewellery - Vera Amethyst Pendant With Chain
21:50:59.627 [main] INFO  com.mindtree.stepdefinitions.Jewellery - Watermelon Gold Plated Earrings
21:50:59.627 [main] INFO  com.mindtree.stepdefinitions.Jewellery - There are 13 exclusive products in this page
21:50:59.670 [main] INFO  com.mindtree.stepdefinitions.Jewellery - Aliya Semi-Precious Pendant With Silver Chain
21:50:59.729 [main] INFO  com.mindtree.stepdefinitions.Jewellery - Heart Semi-Precious Pendant With Silver Chain
21:50:59.753 [main] INFO  com.mindtree.stepdefinitions.Jewellery - Aurora Semi-Precious Stud Earrings
21:50:59.791 [main] INFO  com.mindtree.stepdefinitions.Jewellery - Moonstone Earring Studs
21:50:59.808 [main] INFO  com.mindtree.stepdefinitions.Jewellery - Mirissa Blue Topaz Gemstone Bracelet
21:50:59.832 [main] INFO  com.mindtree.stepdefinitions.Jewellery - Kapruka Semi Precious Earrings
21:50:59.875 [main] INFO  com.mindtree.stepdefinitions.Jewellery - Chenju Semi-Precious Earrings
21:50:59.922 [main] INFO  com.mindtree.stepdefinitions.Jewellery - Luna Semi-Precious Stud Earrings
21:50:59.965 [main] INFO  com.mindtree.stepdefinitions.Jewellery - Mirissa Blue Semi-Precious Stud Earrings
21:50:59.988 [main] INFO  com.mindtree.stepdefinitions.Jewellery - Moana Gemstone Pendant with With Silver Chain
21:51:00.042 [main] INFO  com.mindtree.stepdefinitions.Jewellery - Enchanted Gemstone Pendant With Silver Chain
21:51:00.069 [main] INFO  com.mindtree.stepdefinitions.Jewellery - Starfish Aquamarine Semi-Precious Pendant With Silver Chain
21:51:00.103 [main] INFO  com.mindtree.stepdefinitions.Jewellery - Araliya Semi-Precious Earring Studs
21:51:06.511 [main] INFO  com.mindtree.stepdefinitions.London - ----------Test Case 5----------
21:51:06.511 [main] INFO  com.mindtree.stepdefinitions.London - opening the browser
21:51:16.033 [main] INFO  com.mindtree.stepdefinitions.London - navigated to the site
21:51:19.505 [main] INFO  com.mindtree.stepdefinitions.London - clicked on luckies of london
21:51:20.653 [main] INFO  com.mindtree.stepdefinitions.London - Chalkboard Map DIY
21:51:24.183 [main] INFO  com.mindtree.stepdefinitions.London - clicked on chalkboard map diy
21:51:24.590 [main] INFO  com.mindtree.stepdefinitions.London - Rs. 2,200
21:51:24.603 [main] INFO  com.mindtree.stepdefinitions.London - Rs. 1,799
21:51:24.620 [main] INFO  com.mindtree.stepdefinitions.London - Rs. 401
21:51:30.610 [main] INFO  com.mindtree.stepdefinitions.NewProduct - ----------Test Case 6----------
21:51:30.610 [main] INFO  com.mindtree.stepdefinitions.NewProduct - opening the browser
21:51:38.479 [main] INFO  com.mindtree.stepdefinitions.NewProduct - navigates to the site
21:51:41.135 [main] INFO  com.mindtree.stepdefinitions.NewProduct - clicked on whats new
21:51:45.230 [main] INFO  com.mindtree.stepdefinitions.NewProduct - clicked on Star and Moon Curtain LED Lights
21:51:45.783 [main] INFO  com.mindtree.stepdefinitions.NewProduct - The price of the productRs. 1,099
21:51:45.859 [main] INFO  com.mindtree.stepdefinitions.NewProduct - Adding to cart
21:51:47.078 [main] INFO  com.mindtree.stepdefinitions.NewProduct - packing in a gift wrap
21:51:47.233 [main] INFO  com.mindtree.stepdefinitions.NewProduct - checking out
21:51:59.352 [main] INFO  com.mindtree.stepdefinitions.NewProduct - added email
21:51:59.467 [main] INFO  com.mindtree.stepdefinitions.NewProduct - added first name
21:51:59.593 [main] INFO  com.mindtree.stepdefinitions.NewProduct - added last name
21:51:59.722 [main] INFO  com.mindtree.stepdefinitions.NewProduct - added address
21:51:59.861 [main] INFO  com.mindtree.stepdefinitions.NewProduct - added landmark
21:52:00.040 [main] INFO  com.mindtree.stepdefinitions.NewProduct - added city
21:52:01.681 [main] INFO  com.mindtree.stepdefinitions.NewProduct - added state
21:52:01.775 [main] INFO  com.mindtree.stepdefinitions.NewProduct - added pin code
21:52:01.911 [main] INFO  com.mindtree.stepdefinitions.NewProduct - added contact
21:52:07.264 [main] INFO  com.mindtree.stepdefinitions.NewProduct - clicked on continue shipping
21:52:12.682 [main] INFO  com.mindtree.stepdefinitions.Pins - ----------Test Case 7----------
21:52:12.682 [main] INFO  com.mindtree.stepdefinitions.Pins - opening the browser
21:52:23.061 [main] INFO  com.mindtree.stepdefinitions.Pins - navigates to the site
21:52:27.496 [main] INFO  com.mindtree.stepdefinitions.Pins - clicked on lapel pins and brooches 
21:52:31.004 [main] INFO  com.mindtree.stepdefinitions.Pins - clicked on Harry Potter Characters Metallic Pins
21:52:35.474 [main] INFO  com.mindtree.stepdefinitions.Pins - added harry pin to cart
21:52:50.215 [main] INFO  com.mindtree.stepdefinitions.Pins - added minions pin to cart
21:52:58.389 [main] INFO  com.mindtree.stepdefinitions.Rakhi - ----------Test Case 8----------
21:52:58.391 [main] INFO  com.mindtree.stepdefinitions.Rakhi - opening the browser
21:53:12.394 [main] INFO  com.mindtree.stepdefinitions.Rakhi - navigates to the site
21:53:18.187 [main] INFO  com.mindtree.stepdefinitions.Rakhi - clicked on rakhi link 
21:53:23.405 [main] INFO  com.mindtree.stepdefinitions.Rakhi - clicked on Bhaiya Ciao Rakhi
21:53:29.102 [main] INFO  com.mindtree.stepdefinitions.Review - ----------Test Case 9----------
21:53:29.103 [main] INFO  com.mindtree.stepdefinitions.Review - opening the browser
21:53:37.735 [main] INFO  com.mindtree.stepdefinitions.Review - navigated to the site
21:53:41.870 [main] INFO  com.mindtree.stepdefinitions.Review - clicked on home decor category
21:53:46.612 [main] INFO  com.mindtree.stepdefinitions.Review - clicked on bonsai led lights
21:53:47.944 [main] INFO  com.mindtree.stepdefinitions.Review - review of the product is written
21:53:52.241 [main] INFO  com.mindtree.stepdefinitions.Search - ----------Test Case 10----------
21:53:52.242 [main] INFO  com.mindtree.stepdefinitions.Search - opening the browser
21:54:01.392 [main] INFO  com.mindtree.stepdefinitions.Search - navigated to the site
21:54:01.545 [main] INFO  com.mindtree.stepdefinitions.Search - clicked on search box and entered bts
21:54:09.628 [main] INFO  com.mindtree.stepdefinitions.Search - clicked on bts
21:54:10.147 [main] INFO  com.mindtree.stepdefinitions.Search - clicked on pink base
21:54:10.274 [main] INFO  com.mindtree.stepdefinitions.Search - enter postal code
21:54:11.581 [main] INFO  com.mindtree.stepdefinitions.Search - Cash on Delivery is available.
23:49:08.479 [main] INFO  com.mindtree.stepdefinitions.BirthdayGifts - ----------Test Case 1----------
23:49:08.504 [main] INFO  com.mindtree.stepdefinitions.BirthdayGifts - opening the browser
23:49:17.794 [main] INFO  com.mindtree.stepdefinitions.BirthdayGifts - navigated to the site
23:49:23.543 [main] INFO  com.mindtree.stepdefinitions.BirthdayGifts - clicked on birthday gifts for kids option
23:49:36.268 [main] INFO  com.mindtree.stepdefinitions.BirthdayGifts - clicked on the harry potter
23:49:37.788 [main] INFO  com.mindtree.stepdefinitions.BirthdayGifts - adding to cart
23:49:40.122 [main] INFO  com.mindtree.stepdefinitions.BirthdayGifts - adding a gift note
23:49:44.741 [main] INFO  com.mindtree.stepdefinitions.CorporateGift - ----------Test Case 2----------
23:49:44.741 [main] INFO  com.mindtree.stepdefinitions.CorporateGift - opening the browser
23:49:59.266 [main] INFO  com.mindtree.stepdefinitions.CorporateGift - navigated to the site
23:50:03.635 [main] INFO  com.mindtree.stepdefinitions.CorporateGift - clicked on corporate gifts
23:50:08.012 [main] INFO  com.mindtree.stepdefinitions.CorporateGift - clicked on astro stationery and phone holder
23:50:09.622 [main] INFO  com.mindtree.stepdefinitions.CorporateGift - First review of the product:Sent as a gift. They loved it!
23:50:09.743 [main] INFO  com.mindtree.stepdefinitions.CorporateGift - Add To Wishlist
23:50:10.090 [main] INFO  com.mindtree.stepdefinitions.CorporateGift - added product to wishlist
23:50:14.323 [main] INFO  com.mindtree.stepdefinitions.Giftcard - ----------Test Case 3----------
23:50:14.323 [main] INFO  com.mindtree.stepdefinitions.Giftcard - opening the browser
23:50:23.324 [main] INFO  com.mindtree.stepdefinitions.Giftcard - navigates to the site
23:50:30.473 [main] INFO  com.mindtree.stepdefinitions.Giftcard - clicked on gift card icon
23:50:33.351 [main] INFO  com.mindtree.stepdefinitions.Giftcard - The gift card sent is worth:Rs. 40,000
23:50:37.234 [main] INFO  com.mindtree.stepdefinitions.Jewellery - ----------Test Case 4----------
23:50:37.235 [main] INFO  com.mindtree.stepdefinitions.Jewellery - opening the browser
23:50:50.479 [main] INFO  com.mindtree.stepdefinitions.Jewellery - navigated to the site
23:50:54.755 [main] INFO  com.mindtree.stepdefinitions.Jewellery - clicked on jewellery category
23:50:56.040 [main] INFO  com.mindtree.stepdefinitions.Jewellery - There are 7 products in this page which are sold out
23:50:56.154 [main] INFO  com.mindtree.stepdefinitions.Jewellery - Mirissa Blue Topaz Gemstone Bracelet
23:50:56.233 [main] INFO  com.mindtree.stepdefinitions.Jewellery - Aster Blue Topaz Earrings
23:50:56.301 [main] INFO  com.mindtree.stepdefinitions.Jewellery - Araliya Semi-Precious Earring Studs
23:50:56.364 [main] INFO  com.mindtree.stepdefinitions.Jewellery - Mermaid Jewellery Holder 3D Plate
23:50:56.419 [main] INFO  com.mindtree.stepdefinitions.Jewellery - Harry Potter 9 ¾ Bracelet
23:50:56.490 [main] INFO  com.mindtree.stepdefinitions.Jewellery - Vera Amethyst Pendant With Chain
23:50:56.588 [main] INFO  com.mindtree.stepdefinitions.Jewellery - Watermelon Gold Plated Earrings
23:50:56.588 [main] INFO  com.mindtree.stepdefinitions.Jewellery - There are 13 exclusive products in this page
23:50:56.682 [main] INFO  com.mindtree.stepdefinitions.Jewellery - Aliya Semi-Precious Pendant With Silver Chain
23:50:56.791 [main] INFO  com.mindtree.stepdefinitions.Jewellery - Heart Semi-Precious Pendant With Silver Chain
23:50:56.897 [main] INFO  com.mindtree.stepdefinitions.Jewellery - Aurora Semi-Precious Stud Earrings
23:50:57.010 [main] INFO  com.mindtree.stepdefinitions.Jewellery - Moonstone Earring Studs
23:50:57.084 [main] INFO  com.mindtree.stepdefinitions.Jewellery - Mirissa Blue Topaz Gemstone Bracelet
23:50:57.152 [main] INFO  com.mindtree.stepdefinitions.Jewellery - Kapruka Semi Precious Earrings
23:50:57.224 [main] INFO  com.mindtree.stepdefinitions.Jewellery - Chenju Semi-Precious Earrings
23:50:57.293 [main] INFO  com.mindtree.stepdefinitions.Jewellery - Luna Semi-Precious Stud Earrings
23:50:57.367 [main] INFO  com.mindtree.stepdefinitions.Jewellery - Mirissa Blue Semi-Precious Stud Earrings
23:50:57.444 [main] INFO  com.mindtree.stepdefinitions.Jewellery - Moana Gemstone Pendant with With Silver Chain
23:50:57.516 [main] INFO  com.mindtree.stepdefinitions.Jewellery - Enchanted Gemstone Pendant With Silver Chain
23:50:57.587 [main] INFO  com.mindtree.stepdefinitions.Jewellery - Starfish Aquamarine Semi-Precious Pendant With Silver Chain
23:50:57.651 [main] INFO  com.mindtree.stepdefinitions.Jewellery - Araliya Semi-Precious Earring Studs
23:51:01.043 [main] INFO  com.mindtree.stepdefinitions.London - ----------Test Case 5----------
23:51:01.043 [main] INFO  com.mindtree.stepdefinitions.London - opening the browser
23:51:09.094 [main] INFO  com.mindtree.stepdefinitions.London - navigated to the site
23:51:12.430 [main] INFO  com.mindtree.stepdefinitions.London - clicked on luckies of london
23:51:13.402 [main] INFO  com.mindtree.stepdefinitions.London - Chalkboard Map DIY
23:51:17.949 [main] INFO  com.mindtree.stepdefinitions.London - clicked on chalkboard map diy
23:51:18.573 [main] INFO  com.mindtree.stepdefinitions.London - Rs. 2,200
23:51:18.613 [main] INFO  com.mindtree.stepdefinitions.London - Rs. 1,799
23:51:18.649 [main] INFO  com.mindtree.stepdefinitions.London - Rs. 401
23:51:22.465 [main] INFO  com.mindtree.stepdefinitions.NewProduct - ----------Test Case 6----------
23:51:22.465 [main] INFO  com.mindtree.stepdefinitions.NewProduct - opening the browser
23:51:37.988 [main] INFO  com.mindtree.stepdefinitions.NewProduct - navigates to the site
23:51:42.390 [main] INFO  com.mindtree.stepdefinitions.NewProduct - clicked on whats new
23:51:46.027 [main] INFO  com.mindtree.stepdefinitions.NewProduct - clicked on Star and Moon Curtain LED Lights
23:51:48.045 [main] INFO  com.mindtree.stepdefinitions.NewProduct - The price of the productRs. 1,099
23:51:48.182 [main] INFO  com.mindtree.stepdefinitions.NewProduct - Adding to cart
23:51:50.262 [main] INFO  com.mindtree.stepdefinitions.NewProduct - packing in a gift wrap
23:51:50.567 [main] INFO  com.mindtree.stepdefinitions.NewProduct - checking out
23:52:09.868 [main] INFO  com.mindtree.stepdefinitions.NewProduct - added email
23:52:10.044 [main] INFO  com.mindtree.stepdefinitions.NewProduct - added first name
23:52:10.207 [main] INFO  com.mindtree.stepdefinitions.NewProduct - added last name
23:52:10.392 [main] INFO  com.mindtree.stepdefinitions.NewProduct - added address
23:52:10.590 [main] INFO  com.mindtree.stepdefinitions.NewProduct - added landmark
23:52:10.773 [main] INFO  com.mindtree.stepdefinitions.NewProduct - added city
23:52:11.491 [main] INFO  com.mindtree.stepdefinitions.NewProduct - added state
23:52:11.720 [main] INFO  com.mindtree.stepdefinitions.NewProduct - added pin code
23:52:12.008 [main] INFO  com.mindtree.stepdefinitions.NewProduct - added contact
23:52:21.382 [main] INFO  com.mindtree.stepdefinitions.NewProduct - clicked on continue shipping
23:52:25.847 [main] INFO  com.mindtree.stepdefinitions.Pins - ----------Test Case 7----------
23:52:25.847 [main] INFO  com.mindtree.stepdefinitions.Pins - opening the browser
23:52:35.422 [main] INFO  com.mindtree.stepdefinitions.Pins - navigates to the site
23:52:39.243 [main] INFO  com.mindtree.stepdefinitions.Pins - clicked on lapel pins and brooches 
23:52:43.037 [main] INFO  com.mindtree.stepdefinitions.Pins - clicked on Harry Potter Characters Metallic Pins
23:52:45.322 [main] INFO  com.mindtree.stepdefinitions.Pins - added harry pin to cart
23:53:39.267 [main] INFO  com.mindtree.stepdefinitions.Rakhi - ----------Test Case 8----------
23:53:39.267 [main] INFO  com.mindtree.stepdefinitions.Rakhi - opening the browser
23:53:50.154 [main] INFO  com.mindtree.stepdefinitions.Rakhi - navigates to the site
23:53:56.290 [main] INFO  com.mindtree.stepdefinitions.Rakhi - clicked on rakhi link 
23:54:01.646 [main] INFO  com.mindtree.stepdefinitions.Rakhi - clicked on Bhaiya Ciao Rakhi
23:54:08.866 [main] INFO  com.mindtree.stepdefinitions.Review - ----------Test Case 9----------
23:54:08.867 [main] INFO  com.mindtree.stepdefinitions.Review - opening the browser
23:54:22.736 [main] INFO  com.mindtree.stepdefinitions.Review - navigated to the site
23:54:26.628 [main] INFO  com.mindtree.stepdefinitions.Review - clicked on home decor category
23:54:33.403 [main] INFO  com.mindtree.stepdefinitions.Review - clicked on bonsai led lights
23:54:35.257 [main] INFO  com.mindtree.stepdefinitions.Review - review of the product is written
23:54:40.977 [main] INFO  com.mindtree.stepdefinitions.Search - ----------Test Case 10----------
23:54:40.977 [main] INFO  com.mindtree.stepdefinitions.Search - opening the browser
23:55:14.190 [main] INFO  com.mindtree.stepdefinitions.Search - navigated to the site
23:55:14.553 [main] INFO  com.mindtree.stepdefinitions.Search - clicked on search box and entered bts
23:55:48.929 [main] INFO  com.mindtree.stepdefinitions.Search - clicked on bts
23:55:50.033 [main] INFO  com.mindtree.stepdefinitions.Search - clicked on pink base
23:55:50.196 [main] INFO  com.mindtree.stepdefinitions.Search - enter postal code
23:55:51.545 [main] INFO  com.mindtree.stepdefinitions.Search - Cash on Delivery is available.
01:23:40.672 [main] INFO  com.mindtree.stepdefinitions.BirthdayGifts - ----------Test Case 1----------
01:23:40.745 [main] INFO  com.mindtree.stepdefinitions.BirthdayGifts - opening the browser
01:23:50.374 [main] INFO  com.mindtree.stepdefinitions.BirthdayGifts - navigated to the site
01:23:55.083 [main] INFO  com.mindtree.stepdefinitions.BirthdayGifts - clicked on birthday gifts for kids option
01:24:07.859 [main] INFO  com.mindtree.stepdefinitions.BirthdayGifts - clicked on the harry potter
01:24:09.290 [main] INFO  com.mindtree.stepdefinitions.BirthdayGifts - adding to cart
01:24:11.810 [main] INFO  com.mindtree.stepdefinitions.BirthdayGifts - adding a gift note
01:24:16.314 [main] INFO  com.mindtree.stepdefinitions.CorporateGift - ----------Test Case 2----------
01:24:16.314 [main] INFO  com.mindtree.stepdefinitions.CorporateGift - opening the browser
01:24:25.465 [main] INFO  com.mindtree.stepdefinitions.CorporateGift - navigated to the site
01:24:28.950 [main] INFO  com.mindtree.stepdefinitions.CorporateGift - clicked on corporate gifts
01:24:33.100 [main] INFO  com.mindtree.stepdefinitions.CorporateGift - clicked on astro stationery and phone holder
01:24:34.190 [main] INFO  com.mindtree.stepdefinitions.CorporateGift - First review of the product:Sent as a gift. They loved it!
01:24:34.337 [main] INFO  com.mindtree.stepdefinitions.CorporateGift - Add To Wishlist
01:24:34.529 [main] INFO  com.mindtree.stepdefinitions.CorporateGift - added product to wishlist
01:24:37.843 [main] INFO  com.mindtree.stepdefinitions.Giftcard - ----------Test Case 3----------
01:24:37.843 [main] INFO  com.mindtree.stepdefinitions.Giftcard - opening the browser
01:24:47.293 [main] INFO  com.mindtree.stepdefinitions.Giftcard - navigates to the site
01:24:51.268 [main] INFO  com.mindtree.stepdefinitions.Giftcard - clicked on gift card icon
01:24:54.174 [main] INFO  com.mindtree.stepdefinitions.Giftcard - The gift card sent is worth:Rs. 40,000
01:24:57.460 [main] INFO  com.mindtree.stepdefinitions.Jewellery - ----------Test Case 4----------
01:24:57.460 [main] INFO  com.mindtree.stepdefinitions.Jewellery - opening the browser
01:25:11.217 [main] INFO  com.mindtree.stepdefinitions.Jewellery - navigated to the site
01:25:14.810 [main] INFO  com.mindtree.stepdefinitions.Jewellery - clicked on jewellery category
01:25:15.400 [main] INFO  com.mindtree.stepdefinitions.Jewellery - There are 7 products in this page which are sold out
01:25:15.471 [main] INFO  com.mindtree.stepdefinitions.Jewellery - Mirissa Blue Topaz Gemstone Bracelet
01:25:15.541 [main] INFO  com.mindtree.stepdefinitions.Jewellery - Aster Blue Topaz Earrings
01:25:15.611 [main] INFO  com.mindtree.stepdefinitions.Jewellery - Araliya Semi-Precious Earring Studs
01:25:15.682 [main] INFO  com.mindtree.stepdefinitions.Jewellery - Mermaid Jewellery Holder 3D Plate
01:25:15.765 [main] INFO  com.mindtree.stepdefinitions.Jewellery - Harry Potter 9 ¾ Bracelet
01:25:15.850 [main] INFO  com.mindtree.stepdefinitions.Jewellery - Vera Amethyst Pendant With Chain
01:25:15.929 [main] INFO  com.mindtree.stepdefinitions.Jewellery - Watermelon Gold Plated Earrings
01:25:15.929 [main] INFO  com.mindtree.stepdefinitions.Jewellery - There are 13 exclusive products in this page
01:25:16.001 [main] INFO  com.mindtree.stepdefinitions.Jewellery - Aliya Semi-Precious Pendant With Silver Chain
01:25:16.087 [main] INFO  com.mindtree.stepdefinitions.Jewellery - Heart Semi-Precious Pendant With Silver Chain
01:25:16.165 [main] INFO  com.mindtree.stepdefinitions.Jewellery - Aurora Semi-Precious Stud Earrings
01:25:16.256 [main] INFO  com.mindtree.stepdefinitions.Jewellery - Moonstone Earring Studs
01:25:16.318 [main] INFO  com.mindtree.stepdefinitions.Jewellery - Mirissa Blue Topaz Gemstone Bracelet
01:25:16.399 [main] INFO  com.mindtree.stepdefinitions.Jewellery - Kapruka Semi Precious Earrings
01:25:16.483 [main] INFO  com.mindtree.stepdefinitions.Jewellery - Chenju Semi-Precious Earrings
01:25:16.568 [main] INFO  com.mindtree.stepdefinitions.Jewellery - Luna Semi-Precious Stud Earrings
01:25:16.645 [main] INFO  com.mindtree.stepdefinitions.Jewellery - Mirissa Blue Semi-Precious Stud Earrings
01:25:16.744 [main] INFO  com.mindtree.stepdefinitions.Jewellery - Moana Gemstone Pendant with With Silver Chain
01:25:16.830 [main] INFO  com.mindtree.stepdefinitions.Jewellery - Enchanted Gemstone Pendant With Silver Chain
01:25:16.915 [main] INFO  com.mindtree.stepdefinitions.Jewellery - Starfish Aquamarine Semi-Precious Pendant With Silver Chain
01:25:16.985 [main] INFO  com.mindtree.stepdefinitions.Jewellery - Araliya Semi-Precious Earring Studs
01:25:20.197 [main] INFO  com.mindtree.stepdefinitions.London - ----------Test Case 5----------
01:25:20.197 [main] INFO  com.mindtree.stepdefinitions.London - opening the browser
01:25:30.391 [main] INFO  com.mindtree.stepdefinitions.London - navigated to the site
01:25:35.019 [main] INFO  com.mindtree.stepdefinitions.London - clicked on luckies of london
01:25:35.768 [main] INFO  com.mindtree.stepdefinitions.London - Chalkboard Map DIY
01:25:40.634 [main] INFO  com.mindtree.stepdefinitions.London - clicked on chalkboard map diy
01:25:41.351 [main] INFO  com.mindtree.stepdefinitions.London - Rs. 2,200
01:25:41.376 [main] INFO  com.mindtree.stepdefinitions.London - Rs. 1,799
01:25:41.401 [main] INFO  com.mindtree.stepdefinitions.London - Rs. 401
01:25:44.607 [main] INFO  com.mindtree.stepdefinitions.NewProduct - ----------Test Case 6----------
01:25:44.607 [main] INFO  com.mindtree.stepdefinitions.NewProduct - opening the browser
01:25:53.414 [main] INFO  com.mindtree.stepdefinitions.NewProduct - navigates to the site
01:25:56.025 [main] INFO  com.mindtree.stepdefinitions.NewProduct - clicked on whats new
01:25:59.924 [main] INFO  com.mindtree.stepdefinitions.NewProduct - clicked on Star and Moon Curtain LED Lights
01:26:00.816 [main] INFO  com.mindtree.stepdefinitions.NewProduct - The price of the productRs. 1,099
01:26:00.960 [main] INFO  com.mindtree.stepdefinitions.NewProduct - Adding to cart
01:26:02.364 [main] INFO  com.mindtree.stepdefinitions.NewProduct - packing in a gift wrap
01:26:02.550 [main] INFO  com.mindtree.stepdefinitions.NewProduct - checking out
01:26:17.012 [main] INFO  com.mindtree.stepdefinitions.NewProduct - added email
01:26:17.154 [main] INFO  com.mindtree.stepdefinitions.NewProduct - added first name
01:26:17.315 [main] INFO  com.mindtree.stepdefinitions.NewProduct - added last name
01:26:17.494 [main] INFO  com.mindtree.stepdefinitions.NewProduct - added address
01:26:17.684 [main] INFO  com.mindtree.stepdefinitions.NewProduct - added landmark
01:26:17.856 [main] INFO  com.mindtree.stepdefinitions.NewProduct - added city
01:26:18.554 [main] INFO  com.mindtree.stepdefinitions.NewProduct - added state
01:26:18.796 [main] INFO  com.mindtree.stepdefinitions.NewProduct - added pin code
01:26:19.137 [main] INFO  com.mindtree.stepdefinitions.NewProduct - added contact
01:26:23.621 [main] INFO  com.mindtree.stepdefinitions.NewProduct - clicked on continue shipping
01:26:27.162 [main] INFO  com.mindtree.stepdefinitions.Pins - ----------Test Case 7----------
01:26:27.162 [main] INFO  com.mindtree.stepdefinitions.Pins - opening the browser
